D:\DOCUMENTS\GITHUB\ROBOTIC_ARM\ROBOT_ARM.GPU\X64\DEBUG\SEGMENTCOLORS.OBJ
D:\DOCUMENTS\GITHUB\ROBOTIC_ARM\ROBOT_ARM.GPU\X64\DEBUG\ND_CORRELATE.OBJ
D:\DOCUMENTS\GITHUB\ROBOTIC_ARM\ROBOT_ARM.GPU\X64\DEBUG\VC110.PDB
D:\DOCUMENTS\GITHUB\ROBOTIC_ARM\ROBOT_ARM.GPU\X64\DEBUG\ROBOT_ARM.GPU.OBJ
D:\DOCUMENTS\GITHUB\ROBOTIC_ARM\ROBOT_ARM.GPU\X64\DEBUG\.NETFRAMEWORK,VERSION=V4.5.ASSEMBLYATTRIBUTES.OBJ
D:\DOCUMENTS\GITHUB\ROBOTIC_ARM\X64\DEBUG\ROBOT_ARM.GPU.ILK
D:\DOCUMENTS\GITHUB\ROBOTIC_ARM\X64\DEBUG\ROBOT_ARM.GPU.DLL
D:\DOCUMENTS\GITHUB\ROBOTIC_ARM\X64\DEBUG\ROBOT_ARM.GPU.PDB
D:\Documents\GitHub\Robotic_Arm\Robot_Arm.GPU\x64\Debug\SegmentColorsCUDA.cu.cache
D:\Documents\GitHub\Robotic_Arm\Robot_Arm.GPU\x64\Debug\.NETFramework,Version=v4.5.AssemblyAttributes.obj
D:\Documents\GitHub\Robotic_Arm\Robot_Arm.GPU\x64\Debug\ND_Correlate.obj
D:\Documents\GitHub\Robotic_Arm\Robot_Arm.GPU\x64\Debug\Robot_Arm.GPU.obj
D:\Documents\GitHub\Robotic_Arm\Robot_Arm.GPU\x64\Debug\SegmentColors.obj
D:\Documents\GitHub\Robotic_Arm\Robot_Arm.GPU\x64\Debug\SegmentColorsCUDA.cu.obj
D:\Documents\GitHub\Robotic_Arm\Robot_Arm.GPU\x64\Debug\cl.command.1.tlog
D:\Documents\GitHub\Robotic_Arm\Robot_Arm.GPU\x64\Debug\CL.read.1.tlog
D:\Documents\GitHub\Robotic_Arm\Robot_Arm.GPU\x64\Debug\CL.read.2.tlog
D:\Documents\GitHub\Robotic_Arm\Robot_Arm.GPU\x64\Debug\CL.read.3.tlog
D:\Documents\GitHub\Robotic_Arm\Robot_Arm.GPU\x64\Debug\CL.read.4.tlog
D:\Documents\GitHub\Robotic_Arm\Robot_Arm.GPU\x64\Debug\CL.read.5.tlog
D:\Documents\GitHub\Robotic_Arm\Robot_Arm.GPU\x64\Debug\CL.write.1.tlog
D:\Documents\GitHub\Robotic_Arm\Robot_Arm.GPU\x64\Debug\CL.write.2.tlog
D:\Documents\GitHub\Robotic_Arm\Robot_Arm.GPU\x64\Debug\CL.write.3.tlog
D:\Documents\GitHub\Robotic_Arm\Robot_Arm.GPU\x64\Debug\CL.write.4.tlog
D:\Documents\GitHub\Robotic_Arm\Robot_Arm.GPU\x64\Debug\CL.write.5.tlog
D:\Documents\GitHub\Robotic_Arm\Robot_Arm.GPU\x64\Debug\link.4376-cvtres.read.1.tlog
D:\Documents\GitHub\Robotic_Arm\Robot_Arm.GPU\x64\Debug\link.4376-cvtres.write.1.tlog
D:\Documents\GitHub\Robotic_Arm\Robot_Arm.GPU\x64\Debug\link.4376-rc.read.1.tlog
D:\Documents\GitHub\Robotic_Arm\Robot_Arm.GPU\x64\Debug\link.4376-rc.write.1.tlog
D:\Documents\GitHub\Robotic_Arm\Robot_Arm.GPU\x64\Debug\link.4376.read.1.tlog
D:\Documents\GitHub\Robotic_Arm\Robot_Arm.GPU\x64\Debug\link.4376.write.1.tlog
D:\Documents\GitHub\Robotic_Arm\Robot_Arm.GPU\x64\Debug\link.6436-cvtres.read.1.tlog
D:\Documents\GitHub\Robotic_Arm\Robot_Arm.GPU\x64\Debug\link.6436-cvtres.write.1.tlog
D:\Documents\GitHub\Robotic_Arm\Robot_Arm.GPU\x64\Debug\link.6436-rc.read.1.tlog
D:\Documents\GitHub\Robotic_Arm\Robot_Arm.GPU\x64\Debug\link.6436-rc.write.1.tlog
D:\Documents\GitHub\Robotic_Arm\Robot_Arm.GPU\x64\Debug\link.6436.read.1.tlog
D:\Documents\GitHub\Robotic_Arm\Robot_Arm.GPU\x64\Debug\link.6436.write.1.tlog
D:\Documents\GitHub\Robotic_Arm\Robot_Arm.GPU\x64\Debug\link.6872-cvtres.read.1.tlog
D:\Documents\GitHub\Robotic_Arm\Robot_Arm.GPU\x64\Debug\link.6872-cvtres.write.1.tlog
D:\Documents\GitHub\Robotic_Arm\Robot_Arm.GPU\x64\Debug\link.6872-rc.read.1.tlog
D:\Documents\GitHub\Robotic_Arm\Robot_Arm.GPU\x64\Debug\link.6872-rc.write.1.tlog
D:\Documents\GitHub\Robotic_Arm\Robot_Arm.GPU\x64\Debug\link.6872.read.1.tlog
D:\Documents\GitHub\Robotic_Arm\Robot_Arm.GPU\x64\Debug\link.6872.write.1.tlog
D:\Documents\GitHub\Robotic_Arm\Robot_Arm.GPU\x64\Debug\link.command.1.tlog
D:\Documents\GitHub\Robotic_Arm\Robot_Arm.GPU\x64\Debug\link.read.1.tlog
D:\Documents\GitHub\Robotic_Arm\Robot_Arm.GPU\x64\Debug\link.write.1.tlog
D:\Documents\GitHub\Robotic_Arm\Robot_Arm.GPU\x64\Debug\metagen.read.1.tlog
D:\Documents\GitHub\Robotic_Arm\Robot_Arm.GPU\x64\Debug\metagen.write.1.tlog
D:\Documents\GitHub\Robotic_Arm\Robot_Arm.GPU\x64\Debug\vc110.pdb
D:\Documents\GitHub\Robotic_Arm\Robot_Arm.GPU\x64\Debug\TZRES.DLL.bi
D:\Documents\GitHub\Robotic_Arm\x64\Debug\Robot_Arm.GPU.pdb
D:\Documents\GitHub\Robotic_Arm\x64\Debug\Robot_Arm.GPU.dll
D:\Documents\GitHub\Robotic_Arm\x64\Debug\Robot_Arm.GPU.ilk
