Build started 1/1/2015 1:45:34 PM.
     1>Project "C:\Users\Jonathan\Documents\Github\Robotic_Arm\Robot_Arm.GPU\Robot_Arm.GPU.vcxproj" on node 3 (Rebuild target(s)).
     1>ClCompile:
         C:\Program Files (x86)\Microsoft Visual Studio 11.0\VC\bin\x86_amd64\CL.exe /c /Zi /nologo /W3 /WX- /Ox /D WIN32 /D _DEBUG /D _WINDLL /D _UNICODE /D UNICODE /EHa /MDd /GS /fp:fast /Zc:wchar_t /Zc:forScope /Fo"x64\Debug\\" /Fd"x64\Debug\vc110.pdb" /TP /errorReport:prompt ND_Correlate.cpp SegmentColors.cpp
         ND_Correlate.cpp
         SegmentColors.cpp
         Generating Code...
         C:\Program Files (x86)\Microsoft Visual Studio 11.0\VC\bin\x86_amd64\CL.exe /c /AI"C:\Program Files (x86)\Reference Assemblies\Microsoft\Framework\.NETFramework\v4.5\\" /AI"C:\Program Files (x86)\Windows Kits\8.0\References\CommonConfiguration\Neutral" /AI"C:\Program Files (x86)\Reference Assemblies\Microsoft\Framework\.NETFramework\v4.5\Facades\\" /Zi /clr /nologo /W3 /WX- /Ox /D WIN32 /D _DEBUG /D _WINDLL /D _UNICODE /D UNICODE /EHa /MDd /GS /fp:fast /Zc:wchar_t /Zc:forScope /Fo"x64\Debug\\" /Fd"x64\Debug\vc110.pdb" /TP /FU"C:\Program Files (x86)\Reference Assemblies\Microsoft\Framework\.NETFramework\v4.5\mscorlib.dll" /FU"C:\Program Files (x86)\Reference Assemblies\Microsoft\Framework\.NETFramework\v4.5\System.Data.dll" /FU"C:\Program Files (x86)\Reference Assemblies\Microsoft\Framework\.NETFramework\v4.5\System.dll" /FU"C:\Program Files (x86)\Reference Assemblies\Microsoft\Framework\.NETFramework\v4.5\System.Xml.dll" /errorReport:prompt /clr:nostdlib Robot_Arm.GPU.cpp
         Robot_Arm.GPU.cpp
         C:\Program Files (x86)\Microsoft Visual Studio 11.0\VC\bin\x86_amd64\CL.exe /c /Zi /clr /nologo /W3 /WX- /Ox /D WIN32 /D _DEBUG /D _WINDLL /D _UNICODE /D UNICODE /EHa /MDd /GS /fp:fast /Zc:wchar_t /Zc:forScope /Fo"x64\Debug\\" /Fd"x64\Debug\vc110.pdb" /TP /errorReport:prompt "C:\Users\Jonathan\AppData\Local\Temp\.NETFramework,Version=v4.5.AssemblyAttributes.cpp"
         .NETFramework,Version=v4.5.AssemblyAttributes.cpp
       Link:
         C:\Program Files (x86)\Microsoft Visual Studio 11.0\VC\bin\x86_amd64\link.exe /ERRORREPORT:PROMPT /OUT:"C:\Users\Jonathan\Documents\Github\Robotic_Arm\x64\Debug\Robot_Arm.GPU.dll" /INCREMENTAL /NOLOGO cudart.lib cuda.lib kernel32.lib user32.lib gdi32.lib winspool.lib comdlg32.lib advapi32.lib shell32.lib ole32.lib oleaut32.lib uuid.lib odbc32.lib odbccp32.lib /MANIFEST /MANIFESTUAC:"level='asInvoker' uiAccess='false'" /manifest:embed /DEBUG /PDB:"C:\Users\Jonathan\Documents\Github\Robotic_Arm\x64\Debug\Robot_Arm.GPU.pdb" /ASSEMBLYDEBUG /TLBID:1 /DYNAMICBASE /FIXED:NO /NXCOMPAT /MACHINE:X64 /DLL x64\Debug\ND_Correlate.obj
         x64\Debug\Robot_Arm.GPU.obj
         x64\Debug\SegmentColors.obj
         "x64\Debug\.NETFramework,Version=v4.5.AssemblyAttributes.obj"
         Robot_Arm.GPU.vcxproj -> C:\Users\Jonathan\Documents\Github\Robotic_Arm\x64\Debug\Robot_Arm.GPU.dll
     1>Done Building Project "C:\Users\Jonathan\Documents\Github\Robotic_Arm\Robot_Arm.GPU\Robot_Arm.GPU.vcxproj" (Rebuild target(s)).

Build succeeded.

Time Elapsed 00:00:14.25
