D:\DOCUMENTS\GITHUB\ROBOTIC_ARM\ROBOT_ARM.GPU\DEBUG\SEGMENTCOLORS.OBJ
D:\DOCUMENTS\GITHUB\ROBOTIC_ARM\ROBOT_ARM.GPU\DEBUG\KNN_FILTER.OBJ
D:\DOCUMENTS\GITHUB\ROBOTIC_ARM\ROBOT_ARM.GPU\DEBUG\INTERPSCATTERED.OBJ
D:\DOCUMENTS\GITHUB\ROBOTIC_ARM\ROBOT_ARM.GPU\DEBUG\BLOBFINDER.OBJ
D:\DOCUMENTS\GITHUB\ROBOTIC_ARM\ROBOT_ARM.GPU\DEBUG\VC110.PDB
D:\DOCUMENTS\GITHUB\ROBOTIC_ARM\ROBOT_ARM.GPU\DEBUG\ROBOT_ARM.GPU.OBJ
D:\DOCUMENTS\GITHUB\ROBOTIC_ARM\ROBOT_ARM.GPU\DEBUG\.NETFRAMEWORK,VERSION=V4.5.ASSEMBLYATTRIBUTES.OBJ
D:\DOCUMENTS\GITHUB\ROBOTIC_ARM\BIN\ROBOT_ARM.GPU.ILK
D:\DOCUMENTS\GITHUB\ROBOTIC_ARM\BIN\ROBOT_ARM.GPU.DLL
D:\DOCUMENTS\GITHUB\ROBOTIC_ARM\BIN\ROBOT_ARM.GPU.PDB
D:\Documents\GitHub\Robotic_Arm\Robot_Arm.GPU\Debug\.NETFramework,Version=v4.5.AssemblyAttributes.obj
D:\Documents\GitHub\Robotic_Arm\Robot_Arm.GPU\Debug\BlobFinder.obj
D:\Documents\GitHub\Robotic_Arm\Robot_Arm.GPU\Debug\InterpScattered.obj
D:\Documents\GitHub\Robotic_Arm\Robot_Arm.GPU\Debug\KNN_Filter.obj
D:\Documents\GitHub\Robotic_Arm\Robot_Arm.GPU\Debug\Robot_Arm.GPU.obj
D:\Documents\GitHub\Robotic_Arm\Robot_Arm.GPU\Debug\SegmentColors.obj
D:\Documents\GitHub\Robotic_Arm\Robot_Arm.GPU\Debug\cl.command.1.tlog
D:\Documents\GitHub\Robotic_Arm\Robot_Arm.GPU\Debug\CL.read.1.tlog
D:\Documents\GitHub\Robotic_Arm\Robot_Arm.GPU\Debug\CL.read.2.tlog
D:\Documents\GitHub\Robotic_Arm\Robot_Arm.GPU\Debug\CL.read.3.tlog
D:\Documents\GitHub\Robotic_Arm\Robot_Arm.GPU\Debug\CL.read.4.tlog
D:\Documents\GitHub\Robotic_Arm\Robot_Arm.GPU\Debug\CL.read.5.tlog
D:\Documents\GitHub\Robotic_Arm\Robot_Arm.GPU\Debug\CL.write.1.tlog
D:\Documents\GitHub\Robotic_Arm\Robot_Arm.GPU\Debug\link.8076-cvtres.read.1.tlog
D:\Documents\GitHub\Robotic_Arm\Robot_Arm.GPU\Debug\link.8076-cvtres.write.1.tlog
D:\Documents\GitHub\Robotic_Arm\Robot_Arm.GPU\Debug\link.8076-rc.read.1.tlog
D:\Documents\GitHub\Robotic_Arm\Robot_Arm.GPU\Debug\link.8076-rc.write.1.tlog
D:\Documents\GitHub\Robotic_Arm\Robot_Arm.GPU\Debug\link.8076.read.1.tlog
D:\Documents\GitHub\Robotic_Arm\Robot_Arm.GPU\Debug\link.8076.write.1.tlog
D:\Documents\GitHub\Robotic_Arm\Robot_Arm.GPU\Debug\link.command.1.tlog
D:\Documents\GitHub\Robotic_Arm\Robot_Arm.GPU\Debug\link.read.1.tlog
D:\Documents\GitHub\Robotic_Arm\Robot_Arm.GPU\Debug\link.write.1.tlog
D:\Documents\GitHub\Robotic_Arm\Robot_Arm.GPU\Debug\metagen.read.1.tlog
D:\Documents\GitHub\Robotic_Arm\Robot_Arm.GPU\Debug\metagen.write.1.tlog
D:\Documents\GitHub\Robotic_Arm\Robot_Arm.GPU\Debug\TZRES.DLL.bi
D:\Documents\GitHub\Robotic_Arm\Robot_Arm.GPU\..\Bin\Robot_Arm.GPU.dll
