C:\Program Files (x86)\MSBuild\Microsoft.Cpp\v4.0\V110\Microsoft.CppBuild.targets(346,5): warning MSB8004: Output Directory does not end with a trailing slash.  This build instance will add the slash as it is required to allow proper evaluation of the Output Directory.
  BlobFinder.cpp
BlobFinder.cpp(110): warning C4018: '<' : signed/unsigned mismatch
  InterpScattered.cpp
InterpScattered.cpp(36): warning C4244: 'argument' : conversion from 'double' to 'float', possible loss of data
          InterpScattered.cpp(63) : see reference to function template instantiation 'void native_library::details::InterpScattered<double>(T *,int,int,int,int)' being compiled
          with
          [
              T=double
          ]
  KNN_Filter.cpp
  SegmentColors.cpp
SegmentColors.cpp(73): warning C4189: 'message' : local variable is initialized but not referenced
C:\Program Files (x86)\Microsoft Visual Studio 11.0\VC\include\xxamp.h(109): warning C4505: 'Concurrency::details::_Const_array_view_projection_helper<_T,_R>::_Project0' : unreferenced local function has been removed
          with
          [
              _T=HSI_Pixel,
              _R=1
          ]
  Generating Code...
d:\documents\github\robotic_arm\robot_arm.gpu\blobfinder.cpp(65): warning C4701: potentially uninitialized local variable 'Settings' used
  Robot_Arm.GPU.cpp
Robot_Arm.GPU.cpp(28): warning C4189: 'NumElements' : local variable is initialized but not referenced
  .NETFramework,Version=v4.5.AssemblyAttributes.cpp
  Robot_Arm.GPU.vcxproj -> D:\Documents\GitHub\Robotic_Arm\Robot_Arm.GPU\..\Bin\Robot_Arm.GPU.dll
