C:\USERS\JONATHAN\DOCUMENTS\GITHUB\ROBOTIC_ARM\GPU_IMAGE_PROCESS\DEBUG\SEGMENTCOLORSGPU.OBJ
C:\USERS\JONATHAN\DOCUMENTS\GITHUB\ROBOTIC_ARM\GPU_IMAGE_PROCESS\DEBUG\ND_CORRELATE.OBJ
C:\USERS\JONATHAN\DOCUMENTS\GITHUB\ROBOTIC_ARM\GPU_IMAGE_PROCESS\DEBUG\VC110.PDB
C:\Users\Jonathan\Documents\GitHub\Robotic_Arm\Robot_Arm.Tests\bin\Debug\GPU_Image_Process.lib
C:\Users\Jonathan\Documents\GitHub\Robotic_Arm\Robot_Arm.Tests\bin\Debug\GPU_Image_Process.exp
C:\USERS\JONATHAN\DOCUMENTS\GITHUB\ROBOTIC_ARM\ROBOT_ARM.TESTS\BIN\DEBUG\GPU_IMAGE_PROCESS.ILK
C:\USERS\JONATHAN\DOCUMENTS\GITHUB\ROBOTIC_ARM\ROBOT_ARM.TESTS\BIN\DEBUG\GPU_IMAGE_PROCESS.DLL
C:\USERS\JONATHAN\DOCUMENTS\GITHUB\ROBOTIC_ARM\ROBOT_ARM.TESTS\BIN\DEBUG\GPU_IMAGE_PROCESS.PDB
C:\Users\Jonathan\Documents\GitHub\Robotic_Arm\GPU_Image_Process\Debug\ND_Correlate.obj
C:\Users\Jonathan\Documents\GitHub\Robotic_Arm\GPU_Image_Process\Debug\SegmentColorsGPU.obj
C:\Users\Jonathan\Documents\GitHub\Robotic_Arm\GPU_Image_Process\Debug\CL.4224.read.1.tlog
C:\Users\Jonathan\Documents\GitHub\Robotic_Arm\GPU_Image_Process\Debug\CL.4224.read.3.tlog
C:\Users\Jonathan\Documents\GitHub\Robotic_Arm\GPU_Image_Process\Debug\CL.4224.read.4.tlog
C:\Users\Jonathan\Documents\GitHub\Robotic_Arm\GPU_Image_Process\Debug\CL.4224.write.1.tlog
C:\Users\Jonathan\Documents\GitHub\Robotic_Arm\GPU_Image_Process\Debug\CL.6532.read.1.tlog
C:\Users\Jonathan\Documents\GitHub\Robotic_Arm\GPU_Image_Process\Debug\CL.6532.read.2.tlog
C:\Users\Jonathan\Documents\GitHub\Robotic_Arm\GPU_Image_Process\Debug\CL.6532.read.5.tlog
C:\Users\Jonathan\Documents\GitHub\Robotic_Arm\GPU_Image_Process\Debug\CL.6532.write.1.tlog
C:\Users\Jonathan\Documents\GitHub\Robotic_Arm\GPU_Image_Process\Debug\CL.6708.read.1.tlog
C:\Users\Jonathan\Documents\GitHub\Robotic_Arm\GPU_Image_Process\Debug\CL.6708.write.1.tlog
C:\Users\Jonathan\Documents\GitHub\Robotic_Arm\GPU_Image_Process\Debug\CL.6976.read.1.tlog
C:\Users\Jonathan\Documents\GitHub\Robotic_Arm\GPU_Image_Process\Debug\CL.6976.write.1.tlog
C:\Users\Jonathan\Documents\GitHub\Robotic_Arm\GPU_Image_Process\Debug\cl.command.1.tlog
C:\Users\Jonathan\Documents\GitHub\Robotic_Arm\GPU_Image_Process\Debug\CL.read.1.tlog
C:\Users\Jonathan\Documents\GitHub\Robotic_Arm\GPU_Image_Process\Debug\cl.write.1.tlog
C:\Users\Jonathan\Documents\GitHub\Robotic_Arm\GPU_Image_Process\Debug\GPU_Image_Process.write.1.tlog
C:\Users\Jonathan\Documents\GitHub\Robotic_Arm\GPU_Image_Process\Debug\link-cvtres.read.1.tlog
C:\Users\Jonathan\Documents\GitHub\Robotic_Arm\GPU_Image_Process\Debug\link-cvtres.write.1.tlog
C:\Users\Jonathan\Documents\GitHub\Robotic_Arm\GPU_Image_Process\Debug\link-rc.read.1.tlog
C:\Users\Jonathan\Documents\GitHub\Robotic_Arm\GPU_Image_Process\Debug\link-rc.write.1.tlog
C:\Users\Jonathan\Documents\GitHub\Robotic_Arm\GPU_Image_Process\Debug\link.5356-cvtres.read.1.tlog
C:\Users\Jonathan\Documents\GitHub\Robotic_Arm\GPU_Image_Process\Debug\link.5356-cvtres.write.1.tlog
C:\Users\Jonathan\Documents\GitHub\Robotic_Arm\GPU_Image_Process\Debug\link.5356-rc.read.1.tlog
C:\Users\Jonathan\Documents\GitHub\Robotic_Arm\GPU_Image_Process\Debug\link.5356-rc.write.1.tlog
C:\Users\Jonathan\Documents\GitHub\Robotic_Arm\GPU_Image_Process\Debug\link.5356.read.1.tlog
C:\Users\Jonathan\Documents\GitHub\Robotic_Arm\GPU_Image_Process\Debug\link.5356.write.1.tlog
C:\Users\Jonathan\Documents\GitHub\Robotic_Arm\GPU_Image_Process\Debug\link.command.1.tlog
C:\Users\Jonathan\Documents\GitHub\Robotic_Arm\GPU_Image_Process\Debug\link.read.1.tlog
C:\Users\Jonathan\Documents\GitHub\Robotic_Arm\GPU_Image_Process\Debug\link.write.1.tlog
C:\Users\Jonathan\Documents\GitHub\Robotic_Arm\GPU_Image_Process\..\Robot_Arm.Tests\bin\Debug\GPU_Image_Process.dll
